<?xml version="1.0" encoding="UTF-8"?>
<testsuite name="com.example.util.WhenPerformingTheFourBasicArithmeticOperations$InMultiplication" tests="4" skipped="0" failures="0" errors="0" timestamp="2016-11-11T08:55:55" hostname="latitude-xt2" time="0.039">
  <properties/>
  <testcase name="shouldReturnTheProductOfNumbersWhichAreBigDecimal" classname="com.example.util.WhenPerformingTheFourBasicArithmeticOperations$InMultiplication" time="0.0"/>
  <testcase name="shouldReturnTheProductOfNumbersWhichAreNumericString" classname="com.example.util.WhenPerformingTheFourBasicArithmeticOperations$InMultiplication" time="0.0"/>
  <testcase name="shouldReturnTheProductOfNumbersWhichAreBigDecimal" classname="com.example.util.WhenPerformingTheFourBasicArithmeticOperations$InMultiplication" time="0.0"/>
  <testcase name="shouldReturnTheProductOfNumbersWhichAreNumericString" classname="com.example.util.WhenPerformingTheFourBasicArithmeticOperations$InMultiplication" time="0.0"/>
  <system-out><![CDATA[]]></system-out>
  <system-err><![CDATA[]]></system-err>
</testsuite>
