<?xml version="1.0" encoding="UTF-8"?>
<testsuite name="com.example.util.WhenPerformingTheFourBasicArithmeticOperations$InAddition" tests="4" skipped="0" failures="0" errors="0" timestamp="2016-11-11T08:55:55" hostname="latitude-xt2" time="0.126">
  <properties/>
  <testcase name="shouldReturnTheSumOfNumbersWhichAreNumbericString" classname="com.example.util.WhenPerformingTheFourBasicArithmeticOperations$InAddition" time="0.009"/>
  <testcase name="shouldReturnTheSumOfNumbersWhichAreBigDecimal" classname="com.example.util.WhenPerformingTheFourBasicArithmeticOperations$InAddition" time="0.0"/>
  <testcase name="shouldReturnTheSumOfNumbersWhichAreNumbericString" classname="com.example.util.WhenPerformingTheFourBasicArithmeticOperations$InAddition" time="0.001"/>
  <testcase name="shouldReturnTheSumOfNumbersWhichAreBigDecimal" classname="com.example.util.WhenPerformingTheFourBasicArithmeticOperations$InAddition" time="0.001"/>
  <system-out><![CDATA[]]></system-out>
  <system-err><![CDATA[]]></system-err>
</testsuite>
