<?xml version="1.0" encoding="UTF-8"?>
<testsuite name="com.example.util.WhenPerformingTheFourBasicArithmeticOperations$InSubtraction" tests="4" skipped="0" failures="0" errors="0" timestamp="2016-11-11T08:55:55" hostname="latitude-xt2" time="0.048">
  <properties/>
  <testcase name="shouldReturnTheDifferenceOfNumbersWhichAreBigDecimal" classname="com.example.util.WhenPerformingTheFourBasicArithmeticOperations$InSubtraction" time="0.001"/>
  <testcase name="shouldReturnTheDifferenceOfNumbersWhichAreNumericString" classname="com.example.util.WhenPerformingTheFourBasicArithmeticOperations$InSubtraction" time="0.001"/>
  <testcase name="shouldReturnTheDifferenceOfNumbersWhichAreBigDecimal" classname="com.example.util.WhenPerformingTheFourBasicArithmeticOperations$InSubtraction" time="0.0"/>
  <testcase name="shouldReturnTheDifferenceOfNumbersWhichAreNumericString" classname="com.example.util.WhenPerformingTheFourBasicArithmeticOperations$InSubtraction" time="0.001"/>
  <system-out><![CDATA[]]></system-out>
  <system-err><![CDATA[]]></system-err>
</testsuite>
