<?xml version="1.0" encoding="UTF-8"?>
<testsuite name="com.example.util.WhenPerformingTheFourBasicArithmeticOperations$InDivision" tests="6" skipped="0" failures="0" errors="0" timestamp="2016-11-11T08:55:55" hostname="latitude-xt2" time="0.05">
  <properties/>
  <testcase name="shouldReturnTheQuotientOfNumbersWhichAreNumericString" classname="com.example.util.WhenPerformingTheFourBasicArithmeticOperations$InDivision" time="0.001"/>
  <testcase name="shouldReturnTheQuotientOfNumbersWhichAreBigDecimal" classname="com.example.util.WhenPerformingTheFourBasicArithmeticOperations$InDivision" time="0.003"/>
  <testcase name="shouldThrowExceptionWhenDivisorIsZero" classname="com.example.util.WhenPerformingTheFourBasicArithmeticOperations$InDivision" time="0.002"/>
  <testcase name="shouldReturnTheQuotientOfNumbersWhichAreNumericString" classname="com.example.util.WhenPerformingTheFourBasicArithmeticOperations$InDivision" time="0.0"/>
  <testcase name="shouldReturnTheQuotientOfNumbersWhichAreBigDecimal" classname="com.example.util.WhenPerformingTheFourBasicArithmeticOperations$InDivision" time="0.0"/>
  <testcase name="shouldThrowExceptionWhenDivisorIsZero" classname="com.example.util.WhenPerformingTheFourBasicArithmeticOperations$InDivision" time="0.0"/>
  <system-out><![CDATA[]]></system-out>
  <system-err><![CDATA[]]></system-err>
</testsuite>
